Determining if the pthread_create exist failed with the following output:
Change Dir: /home/lys/catkin_ws/src/crawler_crane/crane_tutorials/cmake-build-debug/CMakeFiles/CMakeTmp

Run Build Command(s):/usr/bin/make cmTC_04d64/fast 
/usr/bin/make -f CMakeFiles/cmTC_04d64.dir/build.make CMakeFiles/cmTC_04d64.dir/build
make[1]: 进入目录“/home/lys/catkin_ws/src/crawler_crane/crane_tutorials/cmake-build-debug/CMakeFiles/CMakeTmp”
Building C object CMakeFiles/cmTC_04d64.dir/CheckSymbolExists.c.o
/usr/lib/ccache/cc    -o CMakeFiles/cmTC_04d64.dir/CheckSymbolExists.c.o   -c /home/lys/catkin_ws/src/crawler_crane/crane_tutorials/cmake-build-debug/CMakeFiles/CMakeTmp/CheckSymbolExists.c
Linking C executable cmTC_04d64
/home/lys/Downloads/CLion-2019.2.1/clion-2019.2.1/bin/cmake/linux/bin/cmake -E cmake_link_script CMakeFiles/cmTC_04d64.dir/link.txt --verbose=1
/usr/lib/ccache/cc      -rdynamic CMakeFiles/cmTC_04d64.dir/CheckSymbolExists.c.o  -o cmTC_04d64 
CMakeFiles/cmTC_04d64.dir/CheckSymbolExists.c.o：在函数‘main’中：
CheckSymbolExists.c:(.text+0x1b)：对‘pthread_create’未定义的引用
collect2: error: ld returned 1 exit status
CMakeFiles/cmTC_04d64.dir/build.make:86: recipe for target 'cmTC_04d64' failed
make[1]: *** [cmTC_04d64] Error 1
make[1]: 离开目录“/home/lys/catkin_ws/src/crawler_crane/crane_tutorials/cmake-build-debug/CMakeFiles/CMakeTmp”
Makefile:121: recipe for target 'cmTC_04d64/fast' failed
make: *** [cmTC_04d64/fast] Error 2

File /home/lys/catkin_ws/src/crawler_crane/crane_tutorials/cmake-build-debug/CMakeFiles/CMakeTmp/CheckSymbolExists.c:
/* */
#include <pthread.h>

int main(int argc, char** argv)
{
  (void)argv;
#ifndef pthread_create
  return ((int*)(&pthread_create))[argc];
#else
  (void)argc;
  return 0;
#endif
}

Determining if the function pthread_create exists in the pthreads failed with the following output:
Change Dir: /home/lys/catkin_ws/src/crawler_crane/crane_tutorials/cmake-build-debug/CMakeFiles/CMakeTmp

Run Build Command(s):/usr/bin/make cmTC_0ea89/fast 
/usr/bin/make -f CMakeFiles/cmTC_0ea89.dir/build.make CMakeFiles/cmTC_0ea89.dir/build
make[1]: 进入目录“/home/lys/catkin_ws/src/crawler_crane/crane_tutorials/cmake-build-debug/CMakeFiles/CMakeTmp”
Building C object CMakeFiles/cmTC_0ea89.dir/CheckFunctionExists.c.o
/usr/lib/ccache/cc   -DCHECK_FUNCTION_EXISTS=pthread_create   -o CMakeFiles/cmTC_0ea89.dir/CheckFunctionExists.c.o   -c /home/lys/Downloads/CLion-2019.2.1/clion-2019.2.1/bin/cmake/linux/share/cmake-3.14/Modules/CheckFunctionExists.c
Linking C executable cmTC_0ea89
/home/lys/Downloads/CLion-2019.2.1/clion-2019.2.1/bin/cmake/linux/bin/cmake -E cmake_link_script CMakeFiles/cmTC_0ea89.dir/link.txt --verbose=1
/usr/lib/ccache/cc  -DCHECK_FUNCTION_EXISTS=pthread_create    -rdynamic CMakeFiles/cmTC_0ea89.dir/CheckFunctionExists.c.o  -o cmTC_0ea89 -lpthreads 
/usr/bin/ld: 找不到 -lpthreads
collect2: error: ld returned 1 exit status
CMakeFiles/cmTC_0ea89.dir/build.make:86: recipe for target 'cmTC_0ea89' failed
make[1]: *** [cmTC_0ea89] Error 1
make[1]: 离开目录“/home/lys/catkin_ws/src/crawler_crane/crane_tutorials/cmake-build-debug/CMakeFiles/CMakeTmp”
Makefile:121: recipe for target 'cmTC_0ea89/fast' failed
make: *** [cmTC_0ea89/fast] Error 2


